<?xml version="1.0" encoding="UTF-8"?>
<testng-results ignored="0" total="1" passed="1" failed="0" skipped="0">
  <reporter-output>
  </reporter-output>
  <suite started-at="2024-04-01T10:26:25 IST" name="Suite" finished-at="2024-04-01T10:27:10 IST" duration-ms="44916">
    <groups>
    </groups>
    <test started-at="2024-04-01T10:26:25 IST" name="Test" finished-at="2024-04-01T10:27:10 IST" duration-ms="44916">
      <class name="TestCases.TS_03SignUp">
        <test-method is-config="true" signature="setup(java.lang.String,java.lang.String)[pri:0, instance:TestCases.TS_03SignUp@3ba987b8]" started-at="2024-04-01T10:26:25 IST" name="setup" finished-at="2024-04-01T10:27:04 IST" duration-ms="38206" status="PASS">
          <params>
            <param index="0">
              <value>
                <![CDATA[windows]]>
              </value>
            </param>
            <param index="1">
              <value>
                <![CDATA[chrome]]>
              </value>
            </param>
          </params>
          <reporter-output>
          </reporter-output>
        </test-method> <!-- setup -->
        <test-method signature="signup()[pri:3, instance:TestCases.TS_03SignUp@3ba987b8]" started-at="2024-04-01T10:27:04 IST" name="signup" finished-at="2024-04-01T10:27:10 IST" duration-ms="6177" status="PASS">
          <reporter-output>
          </reporter-output>
        </test-method> <!-- signup -->
      </class> <!-- TestCases.TS_03SignUp -->
    </test> <!-- Test -->
  </suite> <!-- Suite -->
</testng-results>
