<?xml version="1.0" encoding="UTF-8"?>
<testng-results ignored="0" total="1" passed="1" failed="0" skipped="0">
  <reporter-output>
  </reporter-output>
  <suite started-at="2024-03-31T22:47:12 IST" name="Suite" finished-at="2024-03-31T22:48:24 IST" duration-ms="72196">
    <groups>
    </groups>
    <test started-at="2024-03-31T22:47:12 IST" name="Test" finished-at="2024-03-31T22:48:24 IST" duration-ms="72196">
      <class name="TestCases.TS_01Bikes">
        <test-method is-config="true" signature="setup(java.lang.String,java.lang.String)[pri:0, instance:TestCases.TS_01Bikes@6caf0677]" started-at="2024-03-31T22:47:12 IST" name="setup" finished-at="2024-03-31T22:47:18 IST" duration-ms="5769" status="PASS">
          <params>
            <param index="0">
              <value>
                <![CDATA[windows]]>
              </value>
            </param>
            <param index="1">
              <value>
                <![CDATA[chrome]]>
              </value>
            </param>
          </params>
          <reporter-output>
          </reporter-output>
        </test-method> <!-- setup -->
        <test-method signature="bike()[pri:1, instance:TestCases.TS_01Bikes@6caf0677]" started-at="2024-03-31T22:47:18 IST" name="bike" finished-at="2024-03-31T22:48:24 IST" duration-ms="66146" status="PASS">
          <reporter-output>
          </reporter-output>
        </test-method> <!-- bike -->
      </class> <!-- TestCases.TS_01Bikes -->
    </test> <!-- Test -->
  </suite> <!-- Suite -->
</testng-results>
